17:59:53.541 [main] INFO  ru.mail.urbanovichalexandr.progect_for_epam.services.StudentServicesTest - Test cours created
17:59:53.571 [main] INFO  ru.mail.urbanovichalexandr.progect_for_epam.services.StudentServicesTest - Test student deleted
18:00:23.721 [main] INFO  ru.mail.urbanovichalexandr.progect_for_epam.services.StudentServicesTest - Test cours created
18:00:24.036 [main] INFO  ru.mail.urbanovichalexandr.progect_for_epam.services.StudentServicesTest - Test student deleted
18:33:50.323 [main] INFO  ru.mail.urbanovichalexandr.progect_for_epam.services.StudentServicesTest - Test cours created
18:33:50.355 [main] INFO  ru.mail.urbanovichalexandr.progect_for_epam.services.StudentServicesTest - Test student deleted
18:35:22.806 [main] INFO  ru.mail.urbanovichalexandr.progect_for_epam.services.StudentServicesTest - Test cours created
18:35:22.827 [main] INFO  ru.mail.urbanovichalexandr.progect_for_epam.services.StudentServicesTest - Test student deleted
18:37:44.771 [main] INFO  ru.mail.urbanovichalexandr.progect_for_epam.services.StudentServicesTest - Test cours created
18:40:39.741 [main] INFO  ru.mail.urbanovichalexandr.progect_for_epam.services.StudentServicesTest - Test cours deleted
18:51:25.646 [main] INFO  ru.mail.urbanovichalexandr.progect_for_epam.services.StudentServicesTest - Test cours getAll
18:51:56.052 [main] INFO  ru.mail.urbanovichalexandr.progect_for_epam.services.StudentServicesTest - Test cours getAll
18:56:01.056 [main] INFO  ru.mail.urbanovichalexandr.progect_for_epam.services.StudentServicesTest - Test student created
18:58:58.939 [main] INFO  ru.mail.urbanovichalexandr.progect_for_epam.services.StudentServicesTest - Test student deleted
19:01:04.409 [main] INFO  ru.mail.urbanovichalexandr.progect_for_epam.services.StudentServicesTest - Test student getAll
19:04:11.127 [main] INFO  ru.mail.urbanovichalexandr.progect_for_epam.services.TeacherServiceTestSave - Test teacher created
19:04:31.943 [main] INFO  ru.mail.urbanovichalexandr.progect_for_epam.services.TeacherServicesTest - Test teacher created
19:04:31.962 [main] INFO  ru.mail.urbanovichalexandr.progect_for_epam.services.TeacherServicesTest - Test teacher deleted
19:06:35.005 [main] INFO  ru.mail.urbanovichalexandr.progect_for_epam.services.TeacherServicesTest - Test teacher deleted
19:06:54.510 [main] INFO  ru.mail.urbanovichalexandr.progect_for_epam.services.TeacherServicesTest - Test teacher deleted
19:10:22.424 [main] INFO  ru.mail.urbanovichalexandr.progect_for_epam.services.UserServiceTestSave - Test user created
19:18:42.126 [main] INFO  ru.mail.urbanovichalexandr.progect_for_epam.services.CoursServicesTestGet - Test cours getAll
19:27:17.589 [main] INFO  ru.mail.urbanovichalexandr.progect_for_epam.services.CoursServiceTestDelete - Test studentCourses getAll
19:31:19.215 [main] INFO  ru.mail.urbanovichalexandr.progect_for_epam.services.CoursServiceTestDelete - Test studentCourses get
19:32:00.210 [main] INFO  ru.mail.urbanovichalexandr.progect_for_epam.services.CoursServiceTestDelete - Test studentCourses get
19:33:25.977 [main] INFO  ru.mail.urbanovichalexandr.progect_for_epam.services.CoursServiceTestDelete - Test studentCourses get
19:34:54.512 [main] INFO  ru.mail.urbanovichalexandr.progect_for_epam.services.CoursServiceTestDelete - Test studentCourses get
19:36:45.306 [main] INFO  ru.mail.urbanovichalexandr.progect_for_epam.services.CoursServiceTestDelete - Test studentCourses get
19:37:16.670 [main] INFO  ru.mail.urbanovichalexandr.progect_for_epam.services.CoursServiceTestDelete - Test studentCourses get
